dialog/build/intermediates/manifest_merge_blame_file/release/manifest-merger-blame-release-report.txt
1<?xml version="1.0" encoding="utf-8"?>
2<manifest xmlns:android="http://schemas.android.com/apk/res/android"
3    package="com.hss01248.dialog" >
4
5    <uses-sdk
6        android:minSdkVersion="15"
6-->src\main\AndroidManifest.xml
7        android:targetSdkVersion="26" />
7-->src\main\AndroidManifest.xml
8
9    <application
9-->src\main\AndroidManifest.xml:3:5-6:19
10        android:allowBackup="true"
10-->src\main\AndroidManifest.xml:3:18-44
11        android:label="@string/app_name"
11-->src\main\AndroidManifest.xml:3:45-77
12        android:supportsRtl="true" >
12-->src\main\AndroidManifest.xml:4:9-35
13    </application>
14
15</manifest>